
Chromatic CLI v7.6.0
https://www.chromatic.com/docs/cli

Authenticating with Chromatic
    → Connecting to https://index.chromatic.com
Authenticated with Chromatic
    → Using project token '****************eb89'
Retrieving git information
Retrieved git information
    → Commit '3c6d6df' on branch 'master'; no ancestor found
Collecting Storybook metadata
Collected Storybook metadata
    → Storybook 7.5.3 for React; using the @storybook/nextjs builder (7.5.3); supported addons found: Links, Essentials, Interactions, A11y
Initializing build
Initialized build
    → Build 1 initialized
Building your Storybook
    → Running command: yarn run build-storybook --output-dir /var/folders/hv/1g1gkvdn2jq359vvn2rlctvr0000gn/T/chromatic--92337-mbEDmIYxrSsn
Storybook built in 22 seconds
    → View build log at /Users/nataliasabadysh/Desktop/nataia_portfolio/my-app/natalia_webdeveloper/build-storybook.log
Publish your built Storybook
    → Validating Storybook files
Publishing your built Storybook
    → Retrieving target location
    → Starting publish
    → [                    ] 0%
    → [=                   ] 4%
    → [==                  ] 10%
    → [===                 ] 15%
    → [====                ] 22%
    → [=====               ] 25%
    → [======              ] 29%
    → [=======             ] 33%
    → [=======             ] 36%
    → [=======             ] 37%
    → [========            ] 38%
    → [========            ] 39%
    → [========            ] 41%
    → [========            ] 42%
    → [=========           ] 43%
    → [=========           ] 45%
    → [=========           ] 47%
    → [==========          ] 48%
    → [==========          ] 51%
    → [===========         ] 54%
    → [============        ] 58%
    → [=============       ] 63%
    → [==============      ] 68%
    → [===============     ] 74%
    → [================    ] 79%
    → [=================   ] 84%
    → [==================  ] 92%
    → [=================== ] 95%
    → [====================] 98%
    → [====================] 99%
    → [====================] 100%
Publish complete in 5 seconds
    → View your Storybook at https://654c1c4cb6fc7b6e93600368-dllrpwdkza.chromatic.com
Verifying your Storybook
    → This may take a few minutes
Started build 1
    → Continue setup at https://www.chromatic.com/setup?appId=654c1c4cb6fc7b6e93600368
Running 12 tests
    → This may take a few minutes
ℹ Speed up Continuous Integration
Your project is linked to GitHub so Chromatic will report results there.
This means you can pass the --exit-once-uploaded flag to skip waiting for build results.
Read more here: https://www.chromatic.com/docs/cli#chromatic-options
    → [==                  ] 1/12  Banner › Default 
    → [=======             ] 4/12  TechStack › Default 
    → [==========          ] 6/12  TechItem › JS Card 
    → [============        ] 7/12  TechItem › Graph QL Card 
    → [===============     ] 9/12  Input › Default 
    → [==================  ] 11/12  Select › Default 
    → [====================] 12/12  Select › With Error 
✔ Build passed. Welcome to Chromatic!
We found 8 components with 12 stories and took 12 snapshots.
ℹ Please continue setup at https://www.chromatic.com/setup?appId=654c1c4cb6fc7b6e93600368
